        -:    0:Source:/home/neo/MedicamentLibrary/tests/unit_tests/objects/medicament/properties/test_prescription_drug.hpp
        -:    0:Graph:/home/neo/MedicamentLibrary/cmake-build-ninja--vcpkg-dbg-rel-coverage/tests/unit_tests/objects/CMakeFiles/DrugLib_Tests_Unit_Objects_Medicament_Properties.dir/medicament/properties/properties_test.cpp.gcno
        -:    0:Data:/home/neo/MedicamentLibrary/cmake-build-ninja--vcpkg-dbg-rel-coverage/tests/unit_tests/objects/CMakeFiles/DrugLib_Tests_Unit_Objects_Medicament_Properties.dir/medicament/properties/properties_test.cpp.gcda
        -:    0:Runs:1
        -:    0:Programs:1
        -:    1:#pragma once
        -:    2:
        -:    3:#include <gtest/gtest.h>
        -:    4:
        -:    5:#include "medicament_properties/prescription.hpp"
        -:    6:
        -:    7:namespace drug_lib::data::objects::medicaments
        -:    8:{
function _ZN8drug_lib4data7objects11medicaments44PrescriptionDrugTest_DefaultConstructor_Test8TestBodyEv called 1 returned 100% blocks executed 31%
function _ZN8drug_lib4data7objects11medicaments44PrescriptionDrugTest_DefaultConstructor_TestD2Ev called 1 returned 100% blocks executed 100%
function _ZN8drug_lib4data7objects11medicaments44PrescriptionDrugTest_DefaultConstructor_TestD0Ev called 1 returned 100% blocks executed 100%
function _ZN8drug_lib4data7objects11medicaments44PrescriptionDrugTest_DefaultConstructor_TestC2Ev called 1 returned 100% blocks executed 100%
        4:    9:    TEST(PrescriptionDrugTest, DefaultConstructor)
        1:    9-block  0
        1:    9-block  1
        1:    9-block  2
        -:   10:    {
        1:   11:        const PrescriptionDrug prescription_drug;
        1:   12:        EXPECT_EQ(prescription_drug.get_description(), "");
        1:   12-block  0
branch  0 taken 1
branch  1 taken 0
        1:   12-block  1
branch  2 taken 1
branch  3 taken 0
        1:   12-block  2
branch  4 taken 1
branch  5 taken 0
        1:   12-block  3
branch  6 taken 0
branch  7 taken 1
        1:   12-block  4
    $$$$$:   12-block  5
branch  8 never executed
branch  9 never executed
    $$$$$:   12-block  6
branch 10 never executed
branch 11 never executed
    $$$$$:   12-block  7
branch 12 never executed
branch 13 never executed
    $$$$$:   12-block  8
branch 14 never executed
branch 15 never executed
    $$$$$:   12-block  9
    $$$$$:   12-block 10
    $$$$$:   12-block 11
    $$$$$:   12-block 12
        1:   13:    }
    $$$$$:   13-block  0
    $$$$$:   13-block  1
    $$$$$:   13-block  2
        1:   13-block  3
    $$$$$:   13-block  4
    $$$$$:   13-block  5
        -:   14:
function _ZN8drug_lib4data7objects11medicaments58PrescriptionDrugTest_ParameterizedConstructorWithJson_Test8TestBodyEv called 1 returned 100% blocks executed 36%
function _ZN8drug_lib4data7objects11medicaments58PrescriptionDrugTest_ParameterizedConstructorWithJson_TestD2Ev called 1 returned 100% blocks executed 100%
function _ZN8drug_lib4data7objects11medicaments58PrescriptionDrugTest_ParameterizedConstructorWithJson_TestD0Ev called 1 returned 100% blocks executed 100%
function _ZN8drug_lib4data7objects11medicaments58PrescriptionDrugTest_ParameterizedConstructorWithJson_TestC2Ev called 1 returned 100% blocks executed 100%
        4:   15:    TEST(PrescriptionDrugTest, ParameterizedConstructorWithJson)
        1:   15-block  0
        1:   15-block  1
        1:   15-block  2
        -:   16:    {
        1:   17:        Json::Value properties;
        1:   18:        properties[PrescriptionDrug::names_of_json_fields::description] = "Take twice daily";
        1:   18-block  0
branch  0 taken 1
branch  1 taken 0
        1:   18-block  1
branch  2 taken 1
branch  3 taken 0
    $$$$$:   18-block  2
        -:   19:
        1:   20:        const PrescriptionDrug prescription_drug(properties);
        1:   20-block  0
branch  0 taken 1
branch  1 taken 0
        1:   21:        EXPECT_EQ(prescription_drug.get_description(), "Take twice daily");
        1:   21-block  0
branch  0 taken 1
branch  1 taken 0
        1:   21-block  1
branch  2 taken 1
branch  3 taken 0
        1:   21-block  2
branch  4 taken 1
branch  5 taken 0
        1:   21-block  3
branch  6 taken 0
branch  7 taken 1
        1:   21-block  4
    $$$$$:   21-block  5
branch  8 never executed
branch  9 never executed
    $$$$$:   21-block  6
branch 10 never executed
branch 11 never executed
    $$$$$:   21-block  7
branch 12 never executed
branch 13 never executed
    $$$$$:   21-block  8
branch 14 never executed
branch 15 never executed
    $$$$$:   21-block  9
    $$$$$:   21-block 10
    $$$$$:   21-block 11
    $$$$$:   21-block 12
        1:   22:    }
    $$$$$:   22-block  0
    $$$$$:   22-block  1
    $$$$$:   22-block  2
    $$$$$:   22-block  3
        1:   22-block  4
    $$$$$:   22-block  5
    $$$$$:   22-block  6
    $$$$$:   22-block  7
        -:   23:
function _ZN8drug_lib4data7objects11medicaments60PrescriptionDrugTest_ParameterizedConstructorWithString_Test8TestBodyEv called 1 returned 100% blocks executed 31%
function _ZN8drug_lib4data7objects11medicaments60PrescriptionDrugTest_ParameterizedConstructorWithString_TestD2Ev called 1 returned 100% blocks executed 100%
function _ZN8drug_lib4data7objects11medicaments60PrescriptionDrugTest_ParameterizedConstructorWithString_TestD0Ev called 1 returned 100% blocks executed 100%
function _ZN8drug_lib4data7objects11medicaments60PrescriptionDrugTest_ParameterizedConstructorWithString_TestC2Ev called 1 returned 100% blocks executed 100%
        4:   24:    TEST(PrescriptionDrugTest, ParameterizedConstructorWithString)
        1:   24-block  0
        1:   24-block  1
        1:   24-block  2
        -:   25:    {
        1:   26:        const PrescriptionDrug prescription_drug("For high blood pressure");
        -:   27:
        1:   28:        EXPECT_EQ(prescription_drug.get_description(), "For high blood pressure");
        1:   28-block  0
branch  0 taken 1
branch  1 taken 0
        1:   28-block  1
branch  2 taken 1
branch  3 taken 0
        1:   28-block  2
branch  4 taken 1
branch  5 taken 0
        1:   28-block  3
branch  6 taken 0
branch  7 taken 1
        1:   28-block  4
    $$$$$:   28-block  5
branch  8 never executed
branch  9 never executed
    $$$$$:   28-block  6
branch 10 never executed
branch 11 never executed
    $$$$$:   28-block  7
branch 12 never executed
branch 13 never executed
    $$$$$:   28-block  8
branch 14 never executed
branch 15 never executed
    $$$$$:   28-block  9
    $$$$$:   28-block 10
    $$$$$:   28-block 11
    $$$$$:   28-block 12
        1:   29:    }
    $$$$$:   29-block  0
    $$$$$:   29-block  1
    $$$$$:   29-block  2
        1:   29-block  3
    $$$$$:   29-block  4
    $$$$$:   29-block  5
        -:   30:
function _ZN8drug_lib4data7objects11medicaments33PrescriptionDrugTest_GetInfo_Test8TestBodyEv called 1 returned 100% blocks executed 36%
function _ZN8drug_lib4data7objects11medicaments33PrescriptionDrugTest_GetInfo_TestD2Ev called 1 returned 100% blocks executed 100%
function _ZN8drug_lib4data7objects11medicaments33PrescriptionDrugTest_GetInfo_TestD0Ev called 1 returned 100% blocks executed 100%
function _ZN8drug_lib4data7objects11medicaments33PrescriptionDrugTest_GetInfo_TestC2Ev called 1 returned 100% blocks executed 100%
        4:   31:    TEST(PrescriptionDrugTest, GetInfo)
        1:   31-block  0
        1:   31-block  1
        1:   31-block  2
        -:   32:    {
        1:   33:        const PrescriptionDrug prescription_drug("Use only as directed");
        -:   34:
        1:   35:        Json::Value info = prescription_drug.get_info();
        1:   35-block  0
branch  0 taken 1
branch  1 taken 0
        1:   36:        ASSERT_TRUE(info.isObject());
        1:   36-block  0
branch  0 taken 1
branch  1 taken 0
        1:   36-block  1
branch  2 taken 1
branch  3 taken 0
        1:   36-block  2
branch  4 taken 1
branch  5 taken 0
        1:   36-block  3
branch  6 taken 0
branch  7 taken 1
        1:   36-block  4
    $$$$$:   36-block  5
branch  8 never executed
branch  9 never executed
    $$$$$:   36-block  6
branch 10 never executed
branch 11 never executed
    $$$$$:   36-block  7
branch 12 never executed
branch 13 never executed
    $$$$$:   36-block  8
branch 14 never executed
branch 15 never executed
    $$$$$:   36-block  9
    $$$$$:   36-block 10
    $$$$$:   36-block 11
    $$$$$:   36-block 12
        1:   36-block 13
        1:   36-block 14
branch 16 taken 1
branch 17 taken 0
    $$$$$:   36-block 15
        1:   37:        EXPECT_EQ(info[PrescriptionDrug::names_of_json_fields::description].asString(), "Use only as directed");
        1:   37-block  0
branch  0 taken 1
branch  1 taken 0
        1:   37-block  1
branch  2 taken 1
branch  3 taken 0
        1:   37-block  2
branch  4 taken 1
branch  5 taken 0
        1:   37-block  3
branch  6 taken 1
branch  7 taken 0
        1:   37-block  4
branch  8 taken 0
branch  9 taken 1
        1:   37-block  5
    $$$$$:   37-block  6
    $$$$$:   37-block  7
branch 10 never executed
branch 11 never executed
    $$$$$:   37-block  8
branch 12 never executed
branch 13 never executed
    $$$$$:   37-block  9
branch 14 never executed
branch 15 never executed
    $$$$$:   37-block 10
branch 16 never executed
branch 17 never executed
    $$$$$:   37-block 11
    $$$$$:   37-block 12
    $$$$$:   37-block 13
    $$$$$:   37-block 14
        1:   38:    }
    $$$$$:   38-block  0
    $$$$$:   38-block  1
    $$$$$:   38-block  2
    $$$$$:   38-block  3
    $$$$$:   38-block  4
    $$$$$:   38-block  5
    $$$$$:   38-block  6
        1:   38-block  7
        1:   38-block  8
branch  0 taken 0
branch  1 taken 1
        1:   38-block  9
    $$$$$:   38-block 10
    $$$$$:   38-block 11
    $$$$$:   38-block 12
        -:   39:
function _ZN8drug_lib4data7objects11medicaments33PrescriptionDrugTest_SetInfo_Test8TestBodyEv called 1 returned 100% blocks executed 36%
function _ZN8drug_lib4data7objects11medicaments33PrescriptionDrugTest_SetInfo_TestD2Ev called 1 returned 100% blocks executed 100%
function _ZN8drug_lib4data7objects11medicaments33PrescriptionDrugTest_SetInfo_TestD0Ev called 1 returned 100% blocks executed 100%
function _ZN8drug_lib4data7objects11medicaments33PrescriptionDrugTest_SetInfo_TestC2Ev called 1 returned 100% blocks executed 100%
        4:   40:    TEST(PrescriptionDrugTest, SetInfo)
        1:   40-block  0
        1:   40-block  1
        1:   40-block  2
        -:   41:    {
        1:   42:        Json::Value properties;
        1:   43:        properties[PrescriptionDrug::names_of_json_fields::description] = "Take with food";
        1:   43-block  0
branch  0 taken 1
branch  1 taken 0
        1:   43-block  1
branch  2 taken 1
branch  3 taken 0
    $$$$$:   43-block  2
        -:   44:
        1:   45:        PrescriptionDrug prescription_drug;
        1:   46:        prescription_drug.set_info(properties);
        1:   46-block  0
branch  0 taken 1
branch  1 taken 0
        -:   47:
        1:   48:        EXPECT_EQ(prescription_drug.get_description(), "Take with food");
        1:   48-block  0
branch  0 taken 1
branch  1 taken 0
        1:   48-block  1
branch  2 taken 1
branch  3 taken 0
        1:   48-block  2
branch  4 taken 1
branch  5 taken 0
        1:   48-block  3
branch  6 taken 0
branch  7 taken 1
        1:   48-block  4
    $$$$$:   48-block  5
branch  8 never executed
branch  9 never executed
    $$$$$:   48-block  6
branch 10 never executed
branch 11 never executed
    $$$$$:   48-block  7
branch 12 never executed
branch 13 never executed
    $$$$$:   48-block  8
branch 14 never executed
branch 15 never executed
    $$$$$:   48-block  9
    $$$$$:   48-block 10
    $$$$$:   48-block 11
    $$$$$:   48-block 12
        1:   49:    }
    $$$$$:   49-block  0
    $$$$$:   49-block  1
    $$$$$:   49-block  2
    $$$$$:   49-block  3
        1:   49-block  4
    $$$$$:   49-block  5
    $$$$$:   49-block  6
    $$$$$:   49-block  7
        -:   50:
function _ZN8drug_lib4data7objects11medicaments40PrescriptionDrugTest_SetDescription_Test8TestBodyEv called 1 returned 100% blocks executed 33%
function _ZN8drug_lib4data7objects11medicaments40PrescriptionDrugTest_SetDescription_TestD2Ev called 1 returned 100% blocks executed 100%
function _ZN8drug_lib4data7objects11medicaments40PrescriptionDrugTest_SetDescription_TestD0Ev called 1 returned 100% blocks executed 100%
function _ZN8drug_lib4data7objects11medicaments40PrescriptionDrugTest_SetDescription_TestC2Ev called 1 returned 100% blocks executed 100%
        4:   51:    TEST(PrescriptionDrugTest, SetDescription)
        1:   51-block  0
        1:   51-block  1
        1:   51-block  2
        -:   52:    {
        1:   53:        PrescriptionDrug prescription_drug;
        1:   54:        prescription_drug.set_description("For pain relief");
        1:   54-block  0
branch  0 taken 1
branch  1 taken 0
        1:   54-block  1
branch  2 taken 1
branch  3 taken 0
    $$$$$:   54-block  2
    $$$$$:   54-block  3
        -:   55:
        1:   56:        EXPECT_EQ(prescription_drug.get_description(), "For pain relief");
        1:   56-block  0
branch  0 taken 1
branch  1 taken 0
        1:   56-block  1
branch  2 taken 1
branch  3 taken 0
        1:   56-block  2
branch  4 taken 1
branch  5 taken 0
        1:   56-block  3
branch  6 taken 0
branch  7 taken 1
        1:   56-block  4
    $$$$$:   56-block  5
branch  8 never executed
branch  9 never executed
    $$$$$:   56-block  6
branch 10 never executed
branch 11 never executed
    $$$$$:   56-block  7
branch 12 never executed
branch 13 never executed
    $$$$$:   56-block  8
branch 14 never executed
branch 15 never executed
    $$$$$:   56-block  9
    $$$$$:   56-block 10
    $$$$$:   56-block 11
    $$$$$:   56-block 12
        1:   57:    }
    $$$$$:   57-block  0
    $$$$$:   57-block  1
    $$$$$:   57-block  2
    $$$$$:   57-block  3
        1:   57-block  4
    $$$$$:   57-block  5
    $$$$$:   57-block  6
        -:   58:
function _ZN8drug_lib4data7objects11medicaments33PrescriptionDrugTest_GetName_Test8TestBodyEv called 1 returned 100% blocks executed 30%
function _ZN8drug_lib4data7objects11medicaments33PrescriptionDrugTest_GetName_TestD2Ev called 1 returned 100% blocks executed 100%
function _ZN8drug_lib4data7objects11medicaments33PrescriptionDrugTest_GetName_TestD0Ev called 1 returned 100% blocks executed 100%
function _ZN8drug_lib4data7objects11medicaments33PrescriptionDrugTest_GetName_TestC2Ev called 1 returned 100% blocks executed 100%
        4:   59:    TEST(PrescriptionDrugTest, GetName)
        1:   59-block  0
        1:   59-block  1
        1:   59-block  2
        -:   60:    {
        1:   61:        const PrescriptionDrug prescription_drug;
        1:   62:        EXPECT_EQ(prescription_drug.get_name(), properties::prescription);
        1:   62-block  0
branch  0 taken 1
branch  1 taken 0
        1:   62-block  1
branch  2 taken 1
branch  3 taken 0
        1:   62-block  2
branch  4 taken 1
branch  5 taken 0
        1:   62-block  3
branch  6 taken 0
branch  7 taken 1
        1:   62-block  4
    $$$$$:   62-block  5
    $$$$$:   62-block  6
branch  8 never executed
branch  9 never executed
    $$$$$:   62-block  7
branch 10 never executed
branch 11 never executed
    $$$$$:   62-block  8
branch 12 never executed
branch 13 never executed
    $$$$$:   62-block  9
branch 14 never executed
branch 15 never executed
    $$$$$:   62-block 10
    $$$$$:   62-block 11
    $$$$$:   62-block 12
    $$$$$:   62-block 13
        1:   63:    }
    $$$$$:   63-block  0
    $$$$$:   63-block  1
    $$$$$:   63-block  2
        1:   63-block  3
    $$$$$:   63-block  4
    $$$$$:   63-block  5
        -:   64:}
