        -:    0:Source:/home/neo/MedicamentLibrary/data/objects/properties/diseases/include/disease_properties/symptoms.hpp
        -:    0:Graph:/home/neo/MedicamentLibrary/cmake-build-ninja--vcpkg-dbg-rel-coverage/tests/unit_tests/objects/CMakeFiles/DrugLib_Tests_Unit_Objects_Disease_Properties.dir/disease/properties/properties_test.cpp.gcno
        -:    0:Data:/home/neo/MedicamentLibrary/cmake-build-ninja--vcpkg-dbg-rel-coverage/tests/unit_tests/objects/CMakeFiles/DrugLib_Tests_Unit_Objects_Disease_Properties.dir/disease/properties/properties_test.cpp.gcda
        -:    0:Runs:1
        -:    0:Programs:1
        -:    1:#pragma once
        -:    2:
        -:    3:#include <ostream>
        -:    4:
        -:    5:#include "diseases/source/properties_definition.hpp"
        -:    6:
        -:    7:namespace drug_lib::data::objects::diseases
        -:    8:{
        -:    9:    class Symptoms final : public DataProperty
        -:   10:    {
        -:   11:    public:
        -:   12:        class Symptom final
        -:   13:        {
        -:   14:        public:
        -:   15:            Symptom() = default;
        -:   16:
function _ZN8drug_lib4data7objects8diseases8Symptoms7SymptomC2ENSt7__cxx1112basic_stringIcSt11char_traitsIcESaIcEEEhSA_SA_SA_ called 9 returned 100% blocks executed 100%
        9:   17:            Symptom(std::string name, const uint8_t severity, std::string duration,
        -:   18:                    std::string type, std::string description)
        9:   19:                : name_(std::move(name)),
        9:   20:                  severity_(severity),
        9:   21:                  duration_(std::move(duration)),
        9:   22:                  type_(std::move(type)),
        9:   23:                  description_(std::move(description))
        -:   24:            {
        9:   25:            }
        9:   25-block  0
        -:   26:
function _ZN8drug_lib4data7objects8diseases8Symptoms7SymptomC2ERKS4_ called 12 returned 100% blocks executed 40%
       12:   27:            Symptom(const Symptom& other) = default;
       12:   27-block  0
branch  0 taken 12
branch  1 taken 0
       12:   27-block  1
branch  2 taken 12
branch  3 taken 0
       12:   27-block  2
branch  4 taken 12
branch  5 taken 0
       12:   27-block  3
    $$$$$:   27-block  4
    $$$$$:   27-block  5
    $$$$$:   27-block  6
    $$$$$:   27-block  7
    $$$$$:   27-block  8
    $$$$$:   27-block  9
        -:   28:
function _ZN8drug_lib4data7objects8diseases8Symptoms7SymptomC2EOS4_ called 1 returned 100% blocks executed 100%
        1:   29:            Symptom(Symptom&& other) noexcept
        1:   30:                : name_(std::move(other.name_)),
        1:   31:                  severity_(other.severity_),
        1:   32:                  duration_(std::move(other.duration_)),
        1:   33:                  type_(std::move(other.type_)),
        1:   34:                  description_(std::move(other.description_))
        -:   35:            {
        1:   36:            }
        1:   36-block  0
        -:   37:
        -:   38:            Symptom& operator=(const Symptom& other)
        -:   39:            {
        -:   40:                if (this == &other)
        -:   41:                    return *this;
        -:   42:                name_ = other.name_;
        -:   43:                severity_ = other.severity_;
        -:   44:                duration_ = other.duration_;
        -:   45:                type_ = other.type_;
        -:   46:                description_ = other.description_;
        -:   47:                return *this;
        -:   48:            }
        -:   49:
        -:   50:            Symptom& operator=(Symptom&& other) noexcept
        -:   51:            {
        -:   52:                if (this == &other)
        -:   53:                    return *this;
        -:   54:                name_ = std::move(other.name_);
        -:   55:                severity_ = other.severity_;
        -:   56:                duration_ = std::move(other.duration_);
        -:   57:                type_ = std::move(other.type_);
        -:   58:                description_ = std::move(other.description_);
        -:   59:                return *this;
        -:   60:            }
        -:   61:
function _ZN8drug_lib4data7objects8diseases8Symptoms7SymptomD2Ev called 22 returned 100% blocks executed 100%
       22:   62:            ~Symptom() = default;
       22:   62-block  0
        -:   63:
function _ZNK8drug_lib4data7objects8diseases8Symptoms7Symptom8get_nameB5cxx11Ev called 9 returned 100% blocks executed 100%
        9:   64:            [[nodiscard]] const std::string& get_name() const
        -:   65:            {
        9:   66:                return name_;
        9:   66-block  0
        -:   67:            }
        -:   68:
        -:   69:            void set_name(const std::string& name)
        -:   70:            {
        -:   71:                name_ = name;
        -:   72:            }
        -:   73:
function _ZNK8drug_lib4data7objects8diseases8Symptoms7Symptom12get_severityEv called 4 returned 100% blocks executed 100%
        4:   74:            [[nodiscard]] uint8_t get_severity() const
        -:   75:            {
        4:   76:                return severity_;
        4:   76-block  0
        -:   77:            }
        -:   78:
        -:   79:            void set_severity(const uint8_t severity)
        -:   80:            {
        -:   81:                severity_ = severity;
        -:   82:            }
        -:   83:
function _ZNK8drug_lib4data7objects8diseases8Symptoms7Symptom12get_durationB5cxx11Ev called 4 returned 100% blocks executed 100%
        4:   84:            [[nodiscard]] const std::string& get_duration() const
        -:   85:            {
        4:   86:                return duration_;
        4:   86-block  0
        -:   87:            }
        -:   88:
        -:   89:            void set_duration(const std::string& duration)
        -:   90:            {
        -:   91:                duration_ = duration;
        -:   92:            }
        -:   93:
function _ZNK8drug_lib4data7objects8diseases8Symptoms7Symptom8get_typeB5cxx11Ev called 4 returned 100% blocks executed 100%
        4:   94:            [[nodiscard]] const std::string& get_type() const
        -:   95:            {
        4:   96:                return type_;
        4:   96-block  0
        -:   97:            }
        -:   98:
        -:   99:            void set_type(const std::string& type)
        -:  100:            {
        -:  101:                type_ = type;
        -:  102:            }
        -:  103:
function _ZNK8drug_lib4data7objects8diseases8Symptoms7Symptom15get_descriptionB5cxx11Ev called 5 returned 100% blocks executed 100%
        5:  104:            [[nodiscard]] const std::string& get_description() const
        -:  105:            {
        5:  106:                return description_;
        5:  106-block  0
        -:  107:            }
        -:  108:
        -:  109:            void set_description(const std::string& description)
        -:  110:            {
        -:  111:                description_ = description;
        -:  112:            }
        -:  113:
        -:  114:            struct names_of_json_fields
        -:  115:            {
        -:  116:                static constexpr auto name = "name";
        -:  117:                static constexpr auto severity = "severity";
        -:  118:                static constexpr auto duration = "duration";
        -:  119:                static constexpr auto type = "type";
        -:  120:                static constexpr auto description = "description";
        -:  121:            };
        -:  122:
        -:  123:            friend std::ostream& operator<<(std::ostream& os, const Symptom& obj)
        -:  124:            {
        -:  125:                return os
        -:  126:                    << "name_: " << obj.name_
        -:  127:                    << " severity_: " << obj.severity_
        -:  128:                    << " duration_: " << obj.duration_
        -:  129:                    << " type_: " << obj.type_
        -:  130:                    << " description_: " << obj.description_;
        -:  131:            }
        -:  132:
        -:  133:        private:
        -:  134:            std::string name_;
        -:  135:            uint8_t severity_ = 0;
        -:  136:            std::string duration_;
        -:  137:            std::string type_;
        -:  138:            std::string description_;
        -:  139:        };
        -:  140:
function _ZN8drug_lib4data7objects8diseases8SymptomsC2Ev called 4 returned 100% blocks executed 100%
        4:  141:        Symptoms() = default;
        4:  141-block  0
        -:  142:
function _ZN8drug_lib4data7objects8diseases8SymptomsC2ERKN4Json5ValueE called 2 returned 100% blocks executed 50%
        4:  143:        explicit Symptoms(const Json::Value& properties)
        2:  144:        {
        2:  145:            this->set_info(properties);
        2:  145-block  0
branch  0 taken 2
branch  1 taken 0
        2:  146:        }
        2:  146-block  0
    $$$$$:  146-block  1
    $$$$$:  146-block  2
        -:  147:
function _ZN8drug_lib4data7objects8diseases8SymptomsC2ESt6vectorINS3_7SymptomESaIS5_EE called 4 returned 100% blocks executed 100%
        4:  148:        explicit Symptoms(std::vector<Symptom> symptoms)
        4:  149:            : symptoms_(std::move(symptoms))
        4:  150:        {
        4:  151:        }
        4:  151-block  0
        -:  152:
function _ZN8drug_lib4data7objects8diseases8SymptomsD2Ev called 9 returned 100% blocks executed 100%
function _ZN8drug_lib4data7objects8diseases8SymptomsD0Ev called 0 returned 0% blocks executed 0%
        9:  153:        ~Symptoms() override = default;
        9:  153-block  0
    $$$$$:  153-block  1
        -:  154:
        -:  155:
function _ZNK8drug_lib4data7objects8diseases8Symptoms12get_symptomsEv called 11 returned 100% blocks executed 100%
       11:  156:        [[nodiscard]] const std::vector<Symptom>& get_symptoms() const
        -:  157:        {
       11:  158:            return symptoms_;
       11:  158-block  0
        -:  159:        }
        -:  160:
function _ZN8drug_lib4data7objects8diseases8Symptoms12set_symptomsESt6vectorINS3_7SymptomESaIS5_EE called 1 returned 100% blocks executed 100%
        1:  161:        void set_symptoms(std::vector<Symptom> symptoms)
        -:  162:        {
        1:  163:            symptoms_ = std::move(symptoms);
        1:  164:        }
        1:  164-block  0
        -:  165:
        -:  166:        template <typename... Args>
function _ZN8drug_lib4data7objects8diseases8Symptoms12emplace_backIJRA7_KciRA6_S5_RA10_S5_RA20_S5_EEERS3_DpOT_ called 1 returned 100% blocks executed 100%
        1:  167:        Symptoms& emplace_back(Args&&... args)
        -:  168:        {
        1:  169:            symptoms_.emplace_back(std::forward<Args>(args)...);
        1:  170:            return *this;
        1:  170-block  0
        -:  171:        }
        -:  172:
        -:  173:        template <typename SymptomC>
        -:  174:            requires std::is_same_v<std::remove_cvref_t<SymptomC>, Symptom>
        -:  175:        void push_back(SymptomC&& sym)
        -:  176:        {
        -:  177:            symptoms_.push_back(std::forward<SymptomC>(sym));
        -:  178:        }
        -:  179:
        -:  180:        void pop_back()
        -:  181:        {
        -:  182:            symptoms_.pop_back();
        -:  183:        }
        -:  184:
        -:  185:        Symptom operator[](const std::size_t index) const
        -:  186:        {
        -:  187:            if (index >= symptoms_.size())
        -:  188:            {
        -:  189:                throw std::out_of_range("index out of range");
        -:  190:            }
        -:  191:            return symptoms_[index];
        -:  192:        }
        -:  193:
        -:  194:        Symptom& operator[](const std::size_t index)
        -:  195:        {
        -:  196:            if (index >= symptoms_.size())
        -:  197:            {
        -:  198:                throw std::out_of_range("index out of range");
        -:  199:            }
        -:  200:            return symptoms_[index];
        -:  201:        }
        -:  202:
function _ZNK8drug_lib4data7objects8diseases8Symptoms8get_infoEv called 3 returned 100% blocks executed 66%
        3:  203:        [[nodiscard]] Json::Value get_info() const override
        -:  204:        {
        3:  205:            Json::Value symptoms_array(Json::arrayValue);
        -:  206:
        7:  207:            for (const auto& symptom : symptoms_)
        3:  207-block  0
        7:  207-block  1
branch  0 taken 4
branch  1 taken 3
        4:  207-block  2
        4:  207-block  3
        -:  208:            {
        4:  209:                Json::Value symptom_json;
        4:  209-block  0
branch  0 taken 0
branch  1 taken 4
        4:  210:                symptom_json[Symptom::names_of_json_fields::name] = symptom.get_name();
        4:  210-block  0
branch  0 taken 4
branch  1 taken 0
        4:  210-block  1
branch  2 taken 4
branch  3 taken 0
    $$$$$:  210-block  2
        4:  211:                symptom_json[Symptom::names_of_json_fields::severity] = symptom.get_severity();
        4:  211-block  0
branch  0 taken 4
branch  1 taken 0
        4:  211-block  1
branch  2 taken 4
branch  3 taken 0
        4:  211-block  2
branch  4 taken 4
branch  5 taken 0
    $$$$$:  211-block  3
        4:  212:                symptom_json[Symptom::names_of_json_fields::duration] = symptom.get_duration();
        4:  212-block  0
branch  0 taken 4
branch  1 taken 0
        4:  212-block  1
branch  2 taken 4
branch  3 taken 0
        4:  212-block  2
branch  4 taken 4
branch  5 taken 0
    $$$$$:  212-block  3
        4:  213:                symptom_json[Symptom::names_of_json_fields::type] = symptom.get_type();
        4:  213-block  0
branch  0 taken 4
branch  1 taken 0
        4:  213-block  1
branch  2 taken 4
branch  3 taken 0
        4:  213-block  2
branch  4 taken 4
branch  5 taken 0
    $$$$$:  213-block  3
        4:  214:                symptom_json[Symptom::names_of_json_fields::description] = symptom.get_description();
        4:  214-block  0
branch  0 taken 4
branch  1 taken 0
        4:  214-block  1
branch  2 taken 4
branch  3 taken 0
        4:  214-block  2
branch  4 taken 4
branch  5 taken 0
    $$$$$:  214-block  3
        4:  215:                symptoms_array.append(symptom_json);
        4:  215-block  0
branch  0 taken 4
branch  1 taken 0
        4:  216:            }
    $$$$$:  216-block  0
        -:  217:
        3:  218:            return symptoms_array;
        3:  219:        }
    $$$$$:  219-block  0
    $$$$$:  219-block  1
        3:  219-block  2
branch  0 taken 3
branch  1 taken 0
    $$$$$:  219-block  3
        3:  219-block  4
    $$$$$:  219-block  5
    $$$$$:  219-block  6
        -:  220:
function _ZN8drug_lib4data7objects8diseases8Symptoms8set_infoERKN4Json5ValueE called 3 returned 100% blocks executed 65%
        3:  221:        void set_info(const Json::Value& property) override
        -:  222:        {
        3:  223:            symptoms_.clear(); // Clear any existing symptoms
        -:  224:
        4:  225:            for (const auto& symptom_json : property)
        3:  225-block  0
        4:  225-block  1
branch  0 taken 1
branch  1 taken 3
        1:  225-block  2
        1:  225-block  3
        -:  226:            {
        1:  227:                if (symptom_json.isObject())
        1:  227-block  0
branch  0 taken 0
branch  1 taken 1
        -:  228:                {
        1:  229:                    Symptom symptom(
        1:  229-block  0
branch  0 taken 0
branch  1 taken 1
    $$$$$:  229-block  1
    $$$$$:  229-block  2
    $$$$$:  229-block  3
    $$$$$:  229-block  4
    $$$$$:  229-block  5
        1:  230:                        symptom_json[Symptom::names_of_json_fields::name].asString(),
        1:  231:                        static_cast<uint8_t>(symptom_json[Symptom::names_of_json_fields::severity].asUInt()),
        1:  231-block  0
branch  0 taken 1
branch  1 taken 0
        1:  231-block  1
branch  2 taken 1
branch  3 taken 0
        1:  232:                        symptom_json[Symptom::names_of_json_fields::duration].asString(),
        1:  232-block  0
branch  0 taken 1
branch  1 taken 0
        1:  232-block  1
branch  2 taken 1
branch  3 taken 0
        1:  233:                        symptom_json[Symptom::names_of_json_fields::type].asString(),
        1:  233-block  0
branch  0 taken 1
branch  1 taken 0
        1:  233-block  1
branch  2 taken 1
branch  3 taken 0
        1:  234:                        symptom_json[Symptom::names_of_json_fields::description].asString()
        1:  234-block  0
branch  0 taken 1
branch  1 taken 0
        1:  234-block  1
branch  2 taken 1
branch  3 taken 0
        -:  235:                    );
        1:  236:                    symptoms_.push_back(std::move(symptom));
        1:  236-block  0
branch  0 taken 1
branch  1 taken 0
        1:  237:                }
        1:  237-block  0
    $$$$$:  237-block  1
        -:  238:            }
        3:  239:        }
    $$$$$:  239-block  0
    $$$$$:  239-block  1
    $$$$$:  239-block  2
        3:  239-block  3
        -:  240:
function _ZNK8drug_lib4data7objects8diseases8Symptoms8get_nameB5cxx11Ev called 5 returned 100% blocks executed 50%
        5:  241:        [[nodiscard]] std::string get_name() const override
        -:  242:        {
        5:  243:            return properties::symptoms;
        5:  243-block  0
branch  0 taken 5
branch  1 taken 0
        5:  243-block  1
    $$$$$:  243-block  2
    $$$$$:  243-block  3
    #####:  244:        }
        -:  245:
        -:  246:    private:
        -:  247:        // PRESCRIPTION DETAILS
        -:  248:        std::vector<Symptom> symptoms_;
        -:  249:    };
        -:  250:}
