        -:    0:Source:/home/neo/MedicamentLibrary/tests/unit_tests/objects/disease/test_disease_base.cpp
        -:    0:Graph:/home/neo/MedicamentLibrary/cmake-build-ninja--vcpkg-dbg-rel-coverage/tests/unit_tests/objects/CMakeFiles/DrugLib_Tests_Unit_Objects_Disease_Base.dir/disease/test_disease_base.cpp.gcno
        -:    0:Data:/home/neo/MedicamentLibrary/cmake-build-ninja--vcpkg-dbg-rel-coverage/tests/unit_tests/objects/CMakeFiles/DrugLib_Tests_Unit_Objects_Disease_Base.dir/disease/test_disease_base.cpp.gcda
        -:    0:Runs:1
        -:    0:Programs:1
        -:    1:#include <gtest/gtest.h>
        -:    2:#include "disease.hpp"
        -:    3:#include "diseases/source/properties_definition.hpp"
        -:    4:
        -:    5:namespace drug_lib::data::objects
        -:    6:{
function _ZN8drug_lib4data7objects35DiseaseTest_DefaultConstructor_Test8TestBodyEv called 1 returned 100% blocks executed 31%
function _ZN8drug_lib4data7objects35DiseaseTest_DefaultConstructor_TestD2Ev called 1 returned 100% blocks executed 100%
function _ZN8drug_lib4data7objects35DiseaseTest_DefaultConstructor_TestD0Ev called 1 returned 100% blocks executed 100%
function _ZN8drug_lib4data7objects35DiseaseTest_DefaultConstructor_TestC2Ev called 1 returned 100% blocks executed 100%
        5:    7:    TEST(DiseaseTest, DefaultConstructor)
        1:    7-block  0
branch  0 taken 1
branch  1 taken 0
        1:    7-block  1
branch  2 taken 1
branch  3 taken 0
        1:    7-block  2
branch  4 taken 1
branch  5 taken 0
        1:    7-block  3
branch  6 taken 1
branch  7 taken 0
        1:    7-block  4
branch  8 taken 1
branch  9 taken 0
        1:    7-block  5
branch 10 taken 1
branch 11 taken 0
        1:    7-block  6
branch 12 taken 1
branch 13 taken 0
        1:    7-block  7
branch 14 taken 1
branch 15 taken 0
        1:    7-block  8
branch 16 taken 1
branch 17 taken 0
        1:    7-block  9
    $$$$$:    7-block 10
    $$$$$:    7-block 11
    $$$$$:    7-block 12
    $$$$$:    7-block 13
    $$$$$:    7-block 14
    $$$$$:    7-block 15
    $$$$$:    7-block 16
    $$$$$:    7-block 17
    $$$$$:    7-block 18
    $$$$$:    7-block 19
        1:    7-block 20
        1:    7-block 21
        1:    7-block 22
        -:    8:    {
        1:    9:        const Disease disease;
        1:   10:        EXPECT_EQ(disease.get_id(), -1);
        1:   10-block  0
branch  0 taken 1
branch  1 taken 0
        1:   10-block  1
branch  2 taken 1
branch  3 taken 0
        1:   10-block  2
branch  4 taken 1
branch  5 taken 0
        1:   10-block  3
branch  6 taken 0
branch  7 taken 1
        1:   10-block  4
    $$$$$:   10-block  5
branch  8 never executed
branch  9 never executed
    $$$$$:   10-block  6
branch 10 never executed
branch 11 never executed
    $$$$$:   10-block  7
branch 12 never executed
branch 13 never executed
    $$$$$:   10-block  8
branch 14 never executed
branch 15 never executed
    $$$$$:   10-block  9
    $$$$$:   10-block 10
    $$$$$:   10-block 11
    $$$$$:   10-block 12
        1:   11:        EXPECT_EQ(disease.get_name(), "");
        1:   11-block  0
branch  0 taken 1
branch  1 taken 0
        1:   11-block  1
branch  2 taken 1
branch  3 taken 0
        1:   11-block  2
branch  4 taken 1
branch  5 taken 0
        1:   11-block  3
branch  6 taken 0
branch  7 taken 1
        1:   11-block  4
    $$$$$:   11-block  5
branch  8 never executed
branch  9 never executed
    $$$$$:   11-block  6
branch 10 never executed
branch 11 never executed
    $$$$$:   11-block  7
branch 12 never executed
branch 13 never executed
    $$$$$:   11-block  8
branch 14 never executed
branch 15 never executed
    $$$$$:   11-block  9
    $$$$$:   11-block 10
    $$$$$:   11-block 11
    $$$$$:   11-block 12
        1:   12:        EXPECT_EQ(disease.get_type(), "");
        1:   12-block  0
branch  0 taken 1
branch  1 taken 0
        1:   12-block  1
branch  2 taken 1
branch  3 taken 0
        1:   12-block  2
branch  4 taken 1
branch  5 taken 0
        1:   12-block  3
branch  6 taken 0
branch  7 taken 1
        1:   12-block  4
    $$$$$:   12-block  5
branch  8 never executed
branch  9 never executed
    $$$$$:   12-block  6
branch 10 never executed
branch 11 never executed
    $$$$$:   12-block  7
branch 12 never executed
branch 13 never executed
    $$$$$:   12-block  8
branch 14 never executed
branch 15 never executed
    $$$$$:   12-block  9
    $$$$$:   12-block 10
    $$$$$:   12-block 11
    $$$$$:   12-block 12
        1:   13:        EXPECT_FALSE(disease.is_is_infectious());
        1:   13-block  0
branch  0 taken 1
branch  1 taken 0
        1:   13-block  1
branch  2 taken 1
branch  3 taken 0
        1:   13-block  2
branch  4 taken 1
branch  5 taken 0
        1:   13-block  3
branch  6 taken 0
branch  7 taken 1
        1:   13-block  4
    $$$$$:   13-block  5
branch  8 never executed
branch  9 never executed
    $$$$$:   13-block  6
branch 10 never executed
branch 11 never executed
    $$$$$:   13-block  7
branch 12 never executed
branch 13 never executed
    $$$$$:   13-block  8
branch 14 never executed
branch 15 never executed
    $$$$$:   13-block  9
    $$$$$:   13-block 10
    $$$$$:   13-block 11
    $$$$$:   13-block 12
    $$$$$:   13-block 13
        1:   14:    }
    $$$$$:   14-block  0
    $$$$$:   14-block  1
    $$$$$:   14-block  2
    $$$$$:   14-block  3
    $$$$$:   14-block  4
    $$$$$:   14-block  5
    $$$$$:   14-block  6
    $$$$$:   14-block  7
    $$$$$:   14-block  8
    $$$$$:   14-block  9
        1:   14-block 10
    $$$$$:   14-block 11
    $$$$$:   14-block 12
        -:   15:
function _ZN8drug_lib4data7objects41DiseaseTest_ParameterizedConstructor_Test8TestBodyEv called 1 returned 100% blocks executed 32%
function _ZN8drug_lib4data7objects41DiseaseTest_ParameterizedConstructor_TestD2Ev called 1 returned 100% blocks executed 100%
function _ZN8drug_lib4data7objects41DiseaseTest_ParameterizedConstructor_TestD0Ev called 1 returned 100% blocks executed 100%
function _ZN8drug_lib4data7objects41DiseaseTest_ParameterizedConstructor_TestC2Ev called 1 returned 100% blocks executed 100%
        5:   16:    TEST(DiseaseTest, ParameterizedConstructor)
        1:   16-block  0
branch  0 taken 1
branch  1 taken 0
        1:   16-block  1
branch  2 taken 1
branch  3 taken 0
        1:   16-block  2
branch  4 taken 1
branch  5 taken 0
        1:   16-block  3
branch  6 taken 1
branch  7 taken 0
        1:   16-block  4
branch  8 taken 1
branch  9 taken 0
        1:   16-block  5
branch 10 taken 1
branch 11 taken 0
        1:   16-block  6
branch 12 taken 1
branch 13 taken 0
        1:   16-block  7
branch 14 taken 1
branch 15 taken 0
        1:   16-block  8
branch 16 taken 1
branch 17 taken 0
        1:   16-block  9
    $$$$$:   16-block 10
    $$$$$:   16-block 11
    $$$$$:   16-block 12
    $$$$$:   16-block 13
    $$$$$:   16-block 14
    $$$$$:   16-block 15
    $$$$$:   16-block 16
    $$$$$:   16-block 17
    $$$$$:   16-block 18
    $$$$$:   16-block 19
        1:   16-block 20
        1:   16-block 21
        1:   16-block 22
        -:   17:    {
        1:   18:        const Disease disease(1, "Flu", "Viral", true);
        1:   18-block  0
branch  0 taken 1
branch  1 taken 0
        1:   18-block  1
branch  2 taken 1
branch  3 taken 0
        1:   18-block  2
branch  4 taken 1
branch  5 taken 0
    $$$$$:   18-block  3
    $$$$$:   18-block  4
    $$$$$:   18-block  5
    $$$$$:   18-block  6
        1:   19:        EXPECT_EQ(disease.get_id(), 1);
        1:   19-block  0
branch  0 taken 1
branch  1 taken 0
        1:   19-block  1
branch  2 taken 1
branch  3 taken 0
        1:   19-block  2
branch  4 taken 1
branch  5 taken 0
        1:   19-block  3
branch  6 taken 0
branch  7 taken 1
        1:   19-block  4
    $$$$$:   19-block  5
branch  8 never executed
branch  9 never executed
    $$$$$:   19-block  6
branch 10 never executed
branch 11 never executed
    $$$$$:   19-block  7
branch 12 never executed
branch 13 never executed
    $$$$$:   19-block  8
branch 14 never executed
branch 15 never executed
    $$$$$:   19-block  9
    $$$$$:   19-block 10
    $$$$$:   19-block 11
    $$$$$:   19-block 12
        1:   20:        EXPECT_EQ(disease.get_name(), "Flu");
        1:   20-block  0
branch  0 taken 1
branch  1 taken 0
        1:   20-block  1
branch  2 taken 1
branch  3 taken 0
        1:   20-block  2
branch  4 taken 1
branch  5 taken 0
        1:   20-block  3
branch  6 taken 0
branch  7 taken 1
        1:   20-block  4
    $$$$$:   20-block  5
branch  8 never executed
branch  9 never executed
    $$$$$:   20-block  6
branch 10 never executed
branch 11 never executed
    $$$$$:   20-block  7
branch 12 never executed
branch 13 never executed
    $$$$$:   20-block  8
branch 14 never executed
branch 15 never executed
    $$$$$:   20-block  9
    $$$$$:   20-block 10
    $$$$$:   20-block 11
    $$$$$:   20-block 12
        1:   21:        EXPECT_EQ(disease.get_type(), "Viral");
        1:   21-block  0
branch  0 taken 1
branch  1 taken 0
        1:   21-block  1
branch  2 taken 1
branch  3 taken 0
        1:   21-block  2
branch  4 taken 1
branch  5 taken 0
        1:   21-block  3
branch  6 taken 0
branch  7 taken 1
        1:   21-block  4
    $$$$$:   21-block  5
branch  8 never executed
branch  9 never executed
    $$$$$:   21-block  6
branch 10 never executed
branch 11 never executed
    $$$$$:   21-block  7
branch 12 never executed
branch 13 never executed
    $$$$$:   21-block  8
branch 14 never executed
branch 15 never executed
    $$$$$:   21-block  9
    $$$$$:   21-block 10
    $$$$$:   21-block 11
    $$$$$:   21-block 12
        1:   22:        EXPECT_TRUE(disease.is_is_infectious());
        1:   22-block  0
branch  0 taken 1
branch  1 taken 0
        1:   22-block  1
branch  2 taken 1
branch  3 taken 0
        1:   22-block  2
branch  4 taken 1
branch  5 taken 0
        1:   22-block  3
branch  6 taken 0
branch  7 taken 1
        1:   22-block  4
    $$$$$:   22-block  5
branch  8 never executed
branch  9 never executed
    $$$$$:   22-block  6
branch 10 never executed
branch 11 never executed
    $$$$$:   22-block  7
branch 12 never executed
branch 13 never executed
    $$$$$:   22-block  8
branch 14 never executed
branch 15 never executed
    $$$$$:   22-block  9
    $$$$$:   22-block 10
    $$$$$:   22-block 11
    $$$$$:   22-block 12
    $$$$$:   22-block 13
        1:   23:    }
    $$$$$:   23-block  0
    $$$$$:   23-block  1
    $$$$$:   23-block  2
    $$$$$:   23-block  3
    $$$$$:   23-block  4
    $$$$$:   23-block  5
    $$$$$:   23-block  6
    $$$$$:   23-block  7
    $$$$$:   23-block  8
    $$$$$:   23-block  9
    $$$$$:   23-block 10
    $$$$$:   23-block 11
        1:   23-block 12
    $$$$$:   23-block 13
        -:   24:
function _ZN8drug_lib4data7objects34DiseaseTest_SettersAndGetters_Test8TestBodyEv called 1 returned 100% blocks executed 34%
function _ZN8drug_lib4data7objects34DiseaseTest_SettersAndGetters_TestD2Ev called 1 returned 100% blocks executed 100%
function _ZN8drug_lib4data7objects34DiseaseTest_SettersAndGetters_TestD0Ev called 1 returned 100% blocks executed 100%
function _ZN8drug_lib4data7objects34DiseaseTest_SettersAndGetters_TestC2Ev called 1 returned 100% blocks executed 100%
        5:   25:    TEST(DiseaseTest, SettersAndGetters)
        1:   25-block  0
branch  0 taken 1
branch  1 taken 0
        1:   25-block  1
branch  2 taken 1
branch  3 taken 0
        1:   25-block  2
branch  4 taken 1
branch  5 taken 0
        1:   25-block  3
branch  6 taken 1
branch  7 taken 0
        1:   25-block  4
branch  8 taken 1
branch  9 taken 0
        1:   25-block  5
branch 10 taken 1
branch 11 taken 0
        1:   25-block  6
branch 12 taken 1
branch 13 taken 0
        1:   25-block  7
branch 14 taken 1
branch 15 taken 0
        1:   25-block  8
branch 16 taken 1
branch 17 taken 0
        1:   25-block  9
    $$$$$:   25-block 10
    $$$$$:   25-block 11
    $$$$$:   25-block 12
    $$$$$:   25-block 13
    $$$$$:   25-block 14
    $$$$$:   25-block 15
    $$$$$:   25-block 16
    $$$$$:   25-block 17
    $$$$$:   25-block 18
    $$$$$:   25-block 19
        1:   25-block 20
        1:   25-block 21
        1:   25-block 22
        -:   26:    {
        1:   27:        Disease disease;
        1:   28:        disease.set_id(2);
        1:   28-block  0
branch  0 taken 1
branch  1 taken 0
        1:   29:        disease.set_name("Cold");
        1:   29-block  0
branch  0 taken 1
branch  1 taken 0
        1:   29-block  1
branch  2 taken 1
branch  3 taken 0
    $$$$$:   29-block  2
    $$$$$:   29-block  3
        1:   30:        disease.set_type("Viral");
        1:   30-block  0
branch  0 taken 1
branch  1 taken 0
        1:   30-block  1
branch  2 taken 1
branch  3 taken 0
    $$$$$:   30-block  2
    $$$$$:   30-block  3
        1:   31:        disease.set_is_infectious(false);
        1:   31-block  0
branch  0 taken 1
branch  1 taken 0
        -:   32:
        1:   33:        EXPECT_EQ(disease.get_id(), 2);
        1:   33-block  0
branch  0 taken 1
branch  1 taken 0
        1:   33-block  1
branch  2 taken 1
branch  3 taken 0
        1:   33-block  2
branch  4 taken 1
branch  5 taken 0
        1:   33-block  3
branch  6 taken 0
branch  7 taken 1
        1:   33-block  4
    $$$$$:   33-block  5
branch  8 never executed
branch  9 never executed
    $$$$$:   33-block  6
branch 10 never executed
branch 11 never executed
    $$$$$:   33-block  7
branch 12 never executed
branch 13 never executed
    $$$$$:   33-block  8
branch 14 never executed
branch 15 never executed
    $$$$$:   33-block  9
    $$$$$:   33-block 10
    $$$$$:   33-block 11
    $$$$$:   33-block 12
        1:   34:        EXPECT_EQ(disease.get_name(), "Cold");
        1:   34-block  0
branch  0 taken 1
branch  1 taken 0
        1:   34-block  1
branch  2 taken 1
branch  3 taken 0
        1:   34-block  2
branch  4 taken 1
branch  5 taken 0
        1:   34-block  3
branch  6 taken 0
branch  7 taken 1
        1:   34-block  4
    $$$$$:   34-block  5
branch  8 never executed
branch  9 never executed
    $$$$$:   34-block  6
branch 10 never executed
branch 11 never executed
    $$$$$:   34-block  7
branch 12 never executed
branch 13 never executed
    $$$$$:   34-block  8
branch 14 never executed
branch 15 never executed
    $$$$$:   34-block  9
    $$$$$:   34-block 10
    $$$$$:   34-block 11
    $$$$$:   34-block 12
        1:   35:        EXPECT_EQ(disease.get_type(), "Viral");
        1:   35-block  0
branch  0 taken 1
branch  1 taken 0
        1:   35-block  1
branch  2 taken 1
branch  3 taken 0
        1:   35-block  2
branch  4 taken 1
branch  5 taken 0
        1:   35-block  3
branch  6 taken 0
branch  7 taken 1
        1:   35-block  4
    $$$$$:   35-block  5
branch  8 never executed
branch  9 never executed
    $$$$$:   35-block  6
branch 10 never executed
branch 11 never executed
    $$$$$:   35-block  7
branch 12 never executed
branch 13 never executed
    $$$$$:   35-block  8
branch 14 never executed
branch 15 never executed
    $$$$$:   35-block  9
    $$$$$:   35-block 10
    $$$$$:   35-block 11
    $$$$$:   35-block 12
        1:   36:        EXPECT_FALSE(disease.is_is_infectious());
        1:   36-block  0
branch  0 taken 1
branch  1 taken 0
        1:   36-block  1
branch  2 taken 1
branch  3 taken 0
        1:   36-block  2
branch  4 taken 1
branch  5 taken 0
        1:   36-block  3
branch  6 taken 0
branch  7 taken 1
        1:   36-block  4
    $$$$$:   36-block  5
branch  8 never executed
branch  9 never executed
    $$$$$:   36-block  6
branch 10 never executed
branch 11 never executed
    $$$$$:   36-block  7
branch 12 never executed
branch 13 never executed
    $$$$$:   36-block  8
branch 14 never executed
branch 15 never executed
    $$$$$:   36-block  9
    $$$$$:   36-block 10
    $$$$$:   36-block 11
    $$$$$:   36-block 12
    $$$$$:   36-block 13
        1:   37:    }
    $$$$$:   37-block  0
    $$$$$:   37-block  1
    $$$$$:   37-block  2
    $$$$$:   37-block  3
    $$$$$:   37-block  4
    $$$$$:   37-block  5
    $$$$$:   37-block  6
    $$$$$:   37-block  7
    $$$$$:   37-block  8
    $$$$$:   37-block  9
    $$$$$:   37-block 10
    $$$$$:   37-block 11
        1:   37-block 12
    $$$$$:   37-block 13
    $$$$$:   37-block 14
        -:   38:
function _ZN8drug_lib4data7objects25DiseaseTest_ToRecord_Test8TestBodyEv called 1 returned 100% blocks executed 47%
function _ZN8drug_lib4data7objects25DiseaseTest_ToRecord_TestD2Ev called 1 returned 100% blocks executed 100%
function _ZN8drug_lib4data7objects25DiseaseTest_ToRecord_TestD0Ev called 1 returned 100% blocks executed 100%
function _ZN8drug_lib4data7objects25DiseaseTest_ToRecord_TestC2Ev called 1 returned 100% blocks executed 100%
        5:   39:    TEST(DiseaseTest, ToRecord)
        1:   39-block  0
branch  0 taken 1
branch  1 taken 0
        1:   39-block  1
branch  2 taken 1
branch  3 taken 0
        1:   39-block  2
branch  4 taken 1
branch  5 taken 0
        1:   39-block  3
branch  6 taken 1
branch  7 taken 0
        1:   39-block  4
branch  8 taken 1
branch  9 taken 0
        1:   39-block  5
branch 10 taken 1
branch 11 taken 0
        1:   39-block  6
branch 12 taken 1
branch 13 taken 0
        1:   39-block  7
branch 14 taken 1
branch 15 taken 0
        1:   39-block  8
branch 16 taken 1
branch 17 taken 0
        1:   39-block  9
    $$$$$:   39-block 10
    $$$$$:   39-block 11
    $$$$$:   39-block 12
    $$$$$:   39-block 13
    $$$$$:   39-block 14
    $$$$$:   39-block 15
    $$$$$:   39-block 16
    $$$$$:   39-block 17
    $$$$$:   39-block 18
    $$$$$:   39-block 19
        1:   39-block 20
        1:   39-block 21
        1:   39-block 22
        -:   40:    {
        1:   41:        const Disease disease(3, "Chickenpox", "Viral", true);
        1:   41-block  0
branch  0 taken 1
branch  1 taken 0
        1:   41-block  1
branch  2 taken 1
branch  3 taken 0
        1:   41-block  2
branch  4 taken 1
branch  5 taken 0
    $$$$$:   41-block  3
    $$$$$:   41-block  4
    $$$$$:   41-block  5
    $$$$$:   41-block  6
        6:   42:        for (const auto record = disease.to_record().fields(); const auto& field : record)
        1:   42-block  0
branch  0 taken 1
branch  1 taken 0
        1:   42-block  1
branch  2 taken 1
branch  3 taken 0
        1:   42-block  2
        6:   42-block  3
branch  4 taken 5
branch  5 taken 1
        1:   42-block  4
    $$$$$:   42-block  5
        5:   42-block  6
        5:   42-block  7
    $$$$$:   42-block  8
        -:   43:        {
        5:   44:            if (field->get_name() == Disease::field_name::name)
        5:   44-block  0
branch  0 taken 5
branch  1 taken 0
        5:   44-block  1
branch  2 taken 5
branch  3 taken 0
        5:   44-block  2
branch  4 taken 1
branch  5 taken 4
        -:   45:            {
        1:   46:                EXPECT_EQ("Chickenpox", field->as<std::string>());
        1:   46-block  0
branch  0 taken 1
branch  1 taken 0
        1:   46-block  1
branch  2 taken 0
branch  3 taken 1
        1:   46-block  2
branch  4 taken 1
branch  5 taken 0
        1:   46-block  3
branch  6 taken 0
branch  7 taken 1
        1:   46-block  4
    $$$$$:   46-block  5
    $$$$$:   46-block  6
branch  8 never executed
branch  9 never executed
    $$$$$:   46-block  7
branch 10 never executed
branch 11 never executed
    $$$$$:   46-block  8
branch 12 never executed
branch 13 never executed
    $$$$$:   46-block  9
branch 14 never executed
branch 15 never executed
    $$$$$:   46-block 10
    $$$$$:   46-block 11
    $$$$$:   46-block 12
    $$$$$:   46-block 13
        1:   47:            }
        1:   47-block  0
        4:   48:            else if (field->get_name() == Disease::field_name::type)
        4:   48-block  0
branch  0 taken 4
branch  1 taken 0
        4:   48-block  1
branch  2 taken 4
branch  3 taken 0
        4:   48-block  2
branch  4 taken 1
branch  5 taken 3
        -:   49:            {
        1:   50:                EXPECT_EQ("Viral", field->as<std::string>());
        1:   50-block  0
branch  0 taken 1
branch  1 taken 0
        1:   50-block  1
branch  2 taken 0
branch  3 taken 1
        1:   50-block  2
branch  4 taken 1
branch  5 taken 0
        1:   50-block  3
branch  6 taken 0
branch  7 taken 1
        1:   50-block  4
    $$$$$:   50-block  5
    $$$$$:   50-block  6
branch  8 never executed
branch  9 never executed
    $$$$$:   50-block  7
branch 10 never executed
branch 11 never executed
    $$$$$:   50-block  8
branch 12 never executed
branch 13 never executed
    $$$$$:   50-block  9
branch 14 never executed
branch 15 never executed
    $$$$$:   50-block 10
    $$$$$:   50-block 11
    $$$$$:   50-block 12
    $$$$$:   50-block 13
        1:   51:            }
        1:   51-block  0
        3:   52:            else if (field->get_name() == Disease::field_name::is_infectious)
        3:   52-block  0
branch  0 taken 3
branch  1 taken 0
        3:   52-block  1
branch  2 taken 3
branch  3 taken 0
        3:   52-block  2
branch  4 taken 1
branch  5 taken 2
        -:   53:            {
        1:   54:                EXPECT_TRUE(field->as<bool>());
        1:   54-block  0
branch  0 taken 1
branch  1 taken 0
        1:   54-block  1
branch  2 taken 1
branch  3 taken 0
        1:   54-block  2
branch  4 taken 1
branch  5 taken 0
        1:   54-block  3
branch  6 taken 0
branch  7 taken 1
        1:   54-block  4
    $$$$$:   54-block  5
branch  8 never executed
branch  9 never executed
    $$$$$:   54-block  6
branch 10 never executed
branch 11 never executed
    $$$$$:   54-block  7
branch 12 never executed
branch 13 never executed
    $$$$$:   54-block  8
branch 14 never executed
branch 15 never executed
    $$$$$:   54-block  9
    $$$$$:   54-block 10
    $$$$$:   54-block 11
    $$$$$:   54-block 12
    $$$$$:   54-block 13
        1:   55:            }
        1:   55-block  0
        2:   56:            else if (field->get_name() == Disease::field_name::id)
        2:   56-block  0
branch  0 taken 2
branch  1 taken 0
        2:   56-block  1
branch  2 taken 2
branch  3 taken 0
        2:   56-block  2
branch  4 taken 1
branch  5 taken 1
        -:   57:            {
        1:   58:                EXPECT_EQ(3, field->as<int>());
        1:   58-block  0
branch  0 taken 1
branch  1 taken 0
        1:   58-block  1
branch  2 taken 1
branch  3 taken 0
        1:   58-block  2
branch  4 taken 1
branch  5 taken 0
        1:   58-block  3
branch  6 taken 0
branch  7 taken 1
        1:   58-block  4
    $$$$$:   58-block  5
branch  8 never executed
branch  9 never executed
    $$$$$:   58-block  6
branch 10 never executed
branch 11 never executed
    $$$$$:   58-block  7
branch 12 never executed
branch 13 never executed
    $$$$$:   58-block  8
branch 14 never executed
branch 15 never executed
    $$$$$:   58-block  9
    $$$$$:   58-block 10
    $$$$$:   58-block 11
    $$$$$:   58-block 12
        1:   59:            }
        1:   59-block  0
        -:   60:        }
        1:   61:    }
    $$$$$:   61-block  0
    $$$$$:   61-block  1
    $$$$$:   61-block  2
    $$$$$:   61-block  3
    $$$$$:   61-block  4
    $$$$$:   61-block  5
    $$$$$:   61-block  6
    $$$$$:   61-block  7
    $$$$$:   61-block  8
    $$$$$:   61-block  9
    $$$$$:   61-block 10
    $$$$$:   61-block 11
    $$$$$:   61-block 12
        1:   61-block 13
    $$$$$:   61-block 14
        -:   62:
function _ZN8drug_lib4data7objects27DiseaseTest_FromRecord_Test8TestBodyEv called 1 returned 100% blocks executed 37%
function _ZN8drug_lib4data7objects27DiseaseTest_FromRecord_TestD2Ev called 1 returned 100% blocks executed 100%
function _ZN8drug_lib4data7objects27DiseaseTest_FromRecord_TestD0Ev called 1 returned 100% blocks executed 100%
function _ZN8drug_lib4data7objects27DiseaseTest_FromRecord_TestC2Ev called 1 returned 100% blocks executed 100%
        5:   63:    TEST(DiseaseTest, FromRecord)
        1:   63-block  0
branch  0 taken 1
branch  1 taken 0
        1:   63-block  1
branch  2 taken 1
branch  3 taken 0
        1:   63-block  2
branch  4 taken 1
branch  5 taken 0
        1:   63-block  3
branch  6 taken 1
branch  7 taken 0
        1:   63-block  4
branch  8 taken 1
branch  9 taken 0
        1:   63-block  5
branch 10 taken 1
branch 11 taken 0
        1:   63-block  6
branch 12 taken 1
branch 13 taken 0
        1:   63-block  7
branch 14 taken 1
branch 15 taken 0
        1:   63-block  8
branch 16 taken 1
branch 17 taken 0
        1:   63-block  9
    $$$$$:   63-block 10
    $$$$$:   63-block 11
    $$$$$:   63-block 12
    $$$$$:   63-block 13
    $$$$$:   63-block 14
    $$$$$:   63-block 15
    $$$$$:   63-block 16
    $$$$$:   63-block 17
    $$$$$:   63-block 18
    $$$$$:   63-block 19
        1:   63-block 20
        1:   63-block 21
        1:   63-block 22
        -:   64:    {
        1:   65:        common::database::Record record;
        1:   66:        record.push_back(std::make_unique<common::database::Field<int32_t>>(Disease::field_name::id, 4));
        1:   66-block  0
branch  0 taken 1
branch  1 taken 0
        1:   66-block  1
branch  2 taken 1
branch  3 taken 0
    $$$$$:   66-block  2
        1:   67:        record.push_back(std::make_unique<common::database::Field<std::string>>(Disease::field_name::name, "Measles"));
        1:   67-block  0
branch  0 taken 1
branch  1 taken 0
        1:   67-block  1
branch  2 taken 1
branch  3 taken 0
    $$$$$:   67-block  2
        1:   68:        record.push_back(std::make_unique<common::database::Field<std::string>>(Disease::field_name::type, "Viral"));
        1:   68-block  0
branch  0 taken 1
branch  1 taken 0
        1:   68-block  1
branch  2 taken 1
branch  3 taken 0
    $$$$$:   68-block  2
        1:   69:        record.push_back(std::make_unique<common::database::Field<bool>>(Disease::field_name::is_infectious, true));
        1:   69-block  0
branch  0 taken 1
branch  1 taken 0
        1:   69-block  1
branch  2 taken 1
branch  3 taken 0
    $$$$$:   69-block  2
        -:   70:
        1:   71:        Disease disease;
        1:   72:        disease.from_record(record);
        1:   72-block  0
branch  0 taken 1
branch  1 taken 0
        -:   73:
        1:   74:        EXPECT_EQ(disease.get_id(), 4);
        1:   74-block  0
branch  0 taken 1
branch  1 taken 0
        1:   74-block  1
branch  2 taken 1
branch  3 taken 0
        1:   74-block  2
branch  4 taken 1
branch  5 taken 0
        1:   74-block  3
branch  6 taken 0
branch  7 taken 1
        1:   74-block  4
    $$$$$:   74-block  5
branch  8 never executed
branch  9 never executed
    $$$$$:   74-block  6
branch 10 never executed
branch 11 never executed
    $$$$$:   74-block  7
branch 12 never executed
branch 13 never executed
    $$$$$:   74-block  8
branch 14 never executed
branch 15 never executed
    $$$$$:   74-block  9
    $$$$$:   74-block 10
    $$$$$:   74-block 11
    $$$$$:   74-block 12
        1:   75:        EXPECT_EQ(disease.get_name(), "Measles");
        1:   75-block  0
branch  0 taken 1
branch  1 taken 0
        1:   75-block  1
branch  2 taken 1
branch  3 taken 0
        1:   75-block  2
branch  4 taken 1
branch  5 taken 0
        1:   75-block  3
branch  6 taken 0
branch  7 taken 1
        1:   75-block  4
    $$$$$:   75-block  5
branch  8 never executed
branch  9 never executed
    $$$$$:   75-block  6
branch 10 never executed
branch 11 never executed
    $$$$$:   75-block  7
branch 12 never executed
branch 13 never executed
    $$$$$:   75-block  8
branch 14 never executed
branch 15 never executed
    $$$$$:   75-block  9
    $$$$$:   75-block 10
    $$$$$:   75-block 11
    $$$$$:   75-block 12
        1:   76:        EXPECT_EQ(disease.get_type(), "Viral");
        1:   76-block  0
branch  0 taken 1
branch  1 taken 0
        1:   76-block  1
branch  2 taken 1
branch  3 taken 0
        1:   76-block  2
branch  4 taken 1
branch  5 taken 0
        1:   76-block  3
branch  6 taken 0
branch  7 taken 1
        1:   76-block  4
    $$$$$:   76-block  5
branch  8 never executed
branch  9 never executed
    $$$$$:   76-block  6
branch 10 never executed
branch 11 never executed
    $$$$$:   76-block  7
branch 12 never executed
branch 13 never executed
    $$$$$:   76-block  8
branch 14 never executed
branch 15 never executed
    $$$$$:   76-block  9
    $$$$$:   76-block 10
    $$$$$:   76-block 11
    $$$$$:   76-block 12
        1:   77:        EXPECT_TRUE(disease.is_is_infectious());
        1:   77-block  0
branch  0 taken 1
branch  1 taken 0
        1:   77-block  1
branch  2 taken 1
branch  3 taken 0
        1:   77-block  2
branch  4 taken 1
branch  5 taken 0
        1:   77-block  3
branch  6 taken 0
branch  7 taken 1
        1:   77-block  4
    $$$$$:   77-block  5
branch  8 never executed
branch  9 never executed
    $$$$$:   77-block  6
branch 10 never executed
branch 11 never executed
    $$$$$:   77-block  7
branch 12 never executed
branch 13 never executed
    $$$$$:   77-block  8
branch 14 never executed
branch 15 never executed
    $$$$$:   77-block  9
    $$$$$:   77-block 10
    $$$$$:   77-block 11
    $$$$$:   77-block 12
    $$$$$:   77-block 13
        1:   78:    }
    $$$$$:   78-block  0
    $$$$$:   78-block  1
    $$$$$:   78-block  2
    $$$$$:   78-block  3
    $$$$$:   78-block  4
    $$$$$:   78-block  5
    $$$$$:   78-block  6
    $$$$$:   78-block  7
    $$$$$:   78-block  8
    $$$$$:   78-block  9
    $$$$$:   78-block 10
        1:   78-block 11
    $$$$$:   78-block 12
    $$$$$:   78-block 13
    $$$$$:   78-block 14
        -:   79:}
        -:   80:
function main called 1 returned 100% blocks executed 100%
        1:   81:int main(int argc, char** argv)
        -:   82:{
        1:   83:    ::testing::InitGoogleTest(&argc, argv);
        1:   84:    return RUN_ALL_TESTS();
        1:   84-block  0
        -:   85:}
